<?xml version="1.0" encoding="UTF-8"?>
<testng-results skipped="1" failed="0" ignored="0" total="1" passed="0">
  <reporter-output>
  </reporter-output>
  <suite name="Tests" duration-ms="204" started-at="2019-06-25T04:05:32Z" finished-at="2019-06-25T04:05:33Z">
    <groups>
    </groups>
    <test name="Test1" duration-ms="204" started-at="2019-06-25T04:05:32Z" finished-at="2019-06-25T04:05:33Z">
      <class name="com.amazon.search.test.TestProductSearch">
        <test-method status="PASS" signature="initTestSuite()[pri:0, instance:com.amazon.search.test.TestProductSearch@5d624da6]" name="initTestSuite" is-config="true" duration-ms="21" started-at="2019-06-24T21:05:32Z" finished-at="2019-06-24T21:05:32Z">
          <reporter-output>
          </reporter-output>
        </test-method> <!-- initTestSuite -->
        <test-method status="FAIL" signature="initWebDriver()[pri:0, instance:com.amazon.search.test.TestProductSearch@5d624da6]" name="initWebDriver" is-config="true" duration-ms="167" started-at="2019-06-24T21:05:32Z" finished-at="2019-06-24T21:05:33Z">
          <exception class="ru.stqa.selenium.factory.DriverCreationError">
            <message>
              <![CDATA[java.lang.reflect.InvocationTargetException]]>
            </message>
            <full-stacktrace>
              <![CDATA[ru.stqa.selenium.factory.DriverCreationError: java.lang.reflect.InvocationTargetException
	at ru.stqa.selenium.factory.ReflectionBasedInstanceCreator.callConstructor(ReflectionBasedInstanceCreator.java:58)
	at ru.stqa.selenium.factory.ReflectionBasedInstanceCreator.createDriver(ReflectionBasedInstanceCreator.java:44)
	at ru.stqa.selenium.factory.DefaultLocalDriverProvider.createDriver(DefaultLocalDriverProvider.java:54)
	at ru.stqa.selenium.factory.AbstractWebDriverPool.newDriver(AbstractWebDriverPool.java:36)
	at ru.stqa.selenium.factory.ThreadLocalSingleWebDriverPool.createNewDriver(ThreadLocalSingleWebDriverPool.java:120)
	at ru.stqa.selenium.factory.ThreadLocalSingleWebDriverPool.getDriver(ThreadLocalSingleWebDriverPool.java:42)
	at com.amazon.search.common.TestNgTestBase.initWebDriver(TestNgTestBase.java:46)
	at sun.reflect.NativeMethodAccessorImpl.invoke0(Native Method)
	at sun.reflect.NativeMethodAccessorImpl.invoke(NativeMethodAccessorImpl.java:62)
	at sun.reflect.DelegatingMethodAccessorImpl.invoke(DelegatingMethodAccessorImpl.java:43)
	at java.lang.reflect.Method.invoke(Method.java:498)
	at org.testng.internal.MethodInvocationHelper.invokeMethod(MethodInvocationHelper.java:108)
	at org.testng.internal.Invoker.invokeConfigurationMethod(Invoker.java:523)
	at org.testng.internal.Invoker.invokeConfigurations(Invoker.java:224)
	at org.testng.internal.Invoker.invokeMethod(Invoker.java:599)
	at org.testng.internal.Invoker.invokeTestMethod(Invoker.java:869)
	at org.testng.internal.Invoker.invokeTestMethods(Invoker.java:1193)
	at org.testng.internal.TestMethodWorker.invokeTestMethods(TestMethodWorker.java:126)
	at org.testng.internal.TestMethodWorker.run(TestMethodWorker.java:109)
	at org.testng.TestRunner.privateRun(TestRunner.java:744)
	at org.testng.TestRunner.run(TestRunner.java:602)
	at org.testng.SuiteRunner.runTest(SuiteRunner.java:380)
	at org.testng.SuiteRunner.runSequentially(SuiteRunner.java:375)
	at org.testng.SuiteRunner.privateRun(SuiteRunner.java:340)
	at org.testng.SuiteRunner.run(SuiteRunner.java:289)
	at org.testng.SuiteRunnerWorker.runSuite(SuiteRunnerWorker.java:52)
	at org.testng.SuiteRunnerWorker.run(SuiteRunnerWorker.java:86)
	at org.testng.TestNG.runSuitesSequentially(TestNG.java:1301)
	at org.testng.TestNG.runSuitesLocally(TestNG.java:1226)
	at org.testng.TestNG.runSuites(TestNG.java:1144)
	at org.testng.TestNG.run(TestNG.java:1115)
	at org.apache.maven.surefire.testng.TestNGExecutor.run(TestNGExecutor.java:283)
	at org.apache.maven.surefire.testng.TestNGXmlTestSuite.execute(TestNGXmlTestSuite.java:75)
	at org.apache.maven.surefire.testng.TestNGProvider.invoke(TestNGProvider.java:120)
	at org.apache.maven.surefire.booter.ForkedBooter.invokeProviderInSameClassLoader(ForkedBooter.java:386)
	at org.apache.maven.surefire.booter.ForkedBooter.runSuitesInProcess(ForkedBooter.java:323)
	at org.apache.maven.surefire.booter.ForkedBooter.main(ForkedBooter.java:143)
Caused by: java.lang.reflect.InvocationTargetException
	at sun.reflect.NativeConstructorAccessorImpl.newInstance0(Native Method)
	at sun.reflect.NativeConstructorAccessorImpl.newInstance(NativeConstructorAccessorImpl.java:62)
	at sun.reflect.DelegatingConstructorAccessorImpl.newInstance(DelegatingConstructorAccessorImpl.java:45)
	at java.lang.reflect.Constructor.newInstance(Constructor.java:423)
	at ru.stqa.selenium.factory.ReflectionBasedInstanceCreator.callConstructor(ReflectionBasedInstanceCreator.java:50)
	... 36 more
Caused by: java.lang.IllegalStateException: The path to the driver executable must be set by the webdriver.chrome.driver system property; for more information, see https://github.com/SeleniumHQ/selenium/wiki/ChromeDriver. The latest version can be downloaded from http://chromedriver.storage.googleapis.com/index.html
	at com.google.common.base.Preconditions.checkState(Preconditions.java:754)
	at org.openqa.selenium.remote.service.DriverService.findExecutable(DriverService.java:124)
	at org.openqa.selenium.chrome.ChromeDriverService.access$000(ChromeDriverService.java:32)
	at org.openqa.selenium.chrome.ChromeDriverService$Builder.findDefaultExecutable(ChromeDriverService.java:137)
	at org.openqa.selenium.remote.service.DriverService$Builder.build(DriverService.java:329)
	at org.openqa.selenium.chrome.ChromeDriverService.createDefaultService(ChromeDriverService.java:88)
	at org.openqa.selenium.chrome.ChromeDriver.<init>(ChromeDriver.java:146)
	... 41 more
]]>
            </full-stacktrace>
          </exception> <!-- ru.stqa.selenium.factory.DriverCreationError -->
          <reporter-output>
          </reporter-output>
        </test-method> <!-- initWebDriver -->
        <test-method status="SKIP" signature="testProductSearchByKeyWord()[pri:0, instance:com.amazon.search.test.TestProductSearch@5d624da6]" name="testProductSearchByKeyWord" duration-ms="0" started-at="2019-06-24T21:05:33Z" finished-at="2019-06-24T21:05:33Z">
          <exception class="ru.stqa.selenium.factory.DriverCreationError">
            <message>
              <![CDATA[java.lang.reflect.InvocationTargetException]]>
            </message>
            <full-stacktrace>
              <![CDATA[ru.stqa.selenium.factory.DriverCreationError: java.lang.reflect.InvocationTargetException
	at ru.stqa.selenium.factory.ReflectionBasedInstanceCreator.callConstructor(ReflectionBasedInstanceCreator.java:58)
	at ru.stqa.selenium.factory.ReflectionBasedInstanceCreator.createDriver(ReflectionBasedInstanceCreator.java:44)
	at ru.stqa.selenium.factory.DefaultLocalDriverProvider.createDriver(DefaultLocalDriverProvider.java:54)
	at ru.stqa.selenium.factory.AbstractWebDriverPool.newDriver(AbstractWebDriverPool.java:36)
	at ru.stqa.selenium.factory.ThreadLocalSingleWebDriverPool.createNewDriver(ThreadLocalSingleWebDriverPool.java:120)
	at ru.stqa.selenium.factory.ThreadLocalSingleWebDriverPool.getDriver(ThreadLocalSingleWebDriverPool.java:42)
	at com.amazon.search.common.TestNgTestBase.initWebDriver(TestNgTestBase.java:46)
	at sun.reflect.NativeMethodAccessorImpl.invoke0(Native Method)
	at sun.reflect.NativeMethodAccessorImpl.invoke(NativeMethodAccessorImpl.java:62)
	at sun.reflect.DelegatingMethodAccessorImpl.invoke(DelegatingMethodAccessorImpl.java:43)
	at java.lang.reflect.Method.invoke(Method.java:498)
	at org.testng.internal.MethodInvocationHelper.invokeMethod(MethodInvocationHelper.java:108)
	at org.testng.internal.Invoker.invokeConfigurationMethod(Invoker.java:523)
	at org.testng.internal.Invoker.invokeConfigurations(Invoker.java:224)
	at org.testng.internal.Invoker.invokeMethod(Invoker.java:599)
	at org.testng.internal.Invoker.invokeTestMethod(Invoker.java:869)
	at org.testng.internal.Invoker.invokeTestMethods(Invoker.java:1193)
	at org.testng.internal.TestMethodWorker.invokeTestMethods(TestMethodWorker.java:126)
	at org.testng.internal.TestMethodWorker.run(TestMethodWorker.java:109)
	at org.testng.TestRunner.privateRun(TestRunner.java:744)
	at org.testng.TestRunner.run(TestRunner.java:602)
	at org.testng.SuiteRunner.runTest(SuiteRunner.java:380)
	at org.testng.SuiteRunner.runSequentially(SuiteRunner.java:375)
	at org.testng.SuiteRunner.privateRun(SuiteRunner.java:340)
	at org.testng.SuiteRunner.run(SuiteRunner.java:289)
	at org.testng.SuiteRunnerWorker.runSuite(SuiteRunnerWorker.java:52)
	at org.testng.SuiteRunnerWorker.run(SuiteRunnerWorker.java:86)
	at org.testng.TestNG.runSuitesSequentially(TestNG.java:1301)
	at org.testng.TestNG.runSuitesLocally(TestNG.java:1226)
	at org.testng.TestNG.runSuites(TestNG.java:1144)
	at org.testng.TestNG.run(TestNG.java:1115)
	at org.apache.maven.surefire.testng.TestNGExecutor.run(TestNGExecutor.java:283)
	at org.apache.maven.surefire.testng.TestNGXmlTestSuite.execute(TestNGXmlTestSuite.java:75)
	at org.apache.maven.surefire.testng.TestNGProvider.invoke(TestNGProvider.java:120)
	at org.apache.maven.surefire.booter.ForkedBooter.invokeProviderInSameClassLoader(ForkedBooter.java:386)
	at org.apache.maven.surefire.booter.ForkedBooter.runSuitesInProcess(ForkedBooter.java:323)
	at org.apache.maven.surefire.booter.ForkedBooter.main(ForkedBooter.java:143)
Caused by: java.lang.reflect.InvocationTargetException
	at sun.reflect.NativeConstructorAccessorImpl.newInstance0(Native Method)
	at sun.reflect.NativeConstructorAccessorImpl.newInstance(NativeConstructorAccessorImpl.java:62)
	at sun.reflect.DelegatingConstructorAccessorImpl.newInstance(DelegatingConstructorAccessorImpl.java:45)
	at java.lang.reflect.Constructor.newInstance(Constructor.java:423)
	at ru.stqa.selenium.factory.ReflectionBasedInstanceCreator.callConstructor(ReflectionBasedInstanceCreator.java:50)
	... 36 more
Caused by: java.lang.IllegalStateException: The path to the driver executable must be set by the webdriver.chrome.driver system property; for more information, see https://github.com/SeleniumHQ/selenium/wiki/ChromeDriver. The latest version can be downloaded from http://chromedriver.storage.googleapis.com/index.html
	at com.google.common.base.Preconditions.checkState(Preconditions.java:754)
	at org.openqa.selenium.remote.service.DriverService.findExecutable(DriverService.java:124)
	at org.openqa.selenium.chrome.ChromeDriverService.access$000(ChromeDriverService.java:32)
	at org.openqa.selenium.chrome.ChromeDriverService$Builder.findDefaultExecutable(ChromeDriverService.java:137)
	at org.openqa.selenium.remote.service.DriverService$Builder.build(DriverService.java:329)
	at org.openqa.selenium.chrome.ChromeDriverService.createDefaultService(ChromeDriverService.java:88)
	at org.openqa.selenium.chrome.ChromeDriver.<init>(ChromeDriver.java:146)
	... 41 more
]]>
            </full-stacktrace>
          </exception> <!-- ru.stqa.selenium.factory.DriverCreationError -->
          <reporter-output>
          </reporter-output>
        </test-method> <!-- testProductSearchByKeyWord -->
        <test-method status="PASS" signature="tearDown()[pri:0, instance:com.amazon.search.test.TestProductSearch@5d624da6]" name="tearDown" is-config="true" duration-ms="0" started-at="2019-06-24T21:05:33Z" finished-at="2019-06-24T21:05:33Z">
          <reporter-output>
          </reporter-output>
        </test-method> <!-- tearDown -->
      </class> <!-- com.amazon.search.test.TestProductSearch -->
    </test> <!-- Test1 -->
  </suite> <!-- Tests -->
</testng-results>
